SF:lib\main.dart
DA:4,0
DA:5,0
DA:9,2
DA:11,2
DA:13,2
DA:15,2
DA:16,2
DA:20,2
DA:21,1
DA:28,2
DA:32,2
DA:33,2
DA:39,1
DA:40,2
DA:41,2
DA:45,2
DA:47,2
DA:48,2
DA:49,6
DA:50,6
DA:52,2
DA:53,2
DA:55,2
DA:59,2
DA:60,4
DA:61,6
DA:64,2
DA:65,1
DA:66,1
DA:70,2
DA:78,2
DA:79,2
LF:32
LH:30
end_of_record
SF:lib\features\payment\models\payment_models.dart
DA:19,0
DA:26,0
DA:27,0
DA:28,0
DA:29,0
DA:30,0
DA:31,0
DA:35,0
DA:36,0
DA:37,0
DA:38,0
DA:39,0
DA:40,0
DA:56,0
DA:67,0
DA:72,0
DA:77,0
DA:81,0
DA:86,0
DA:91,0
DA:95,0
DA:98,0
DA:101,0
DA:105,0
DA:106,0
DA:107,0
DA:108,0
DA:109,0
DA:110,0
DA:111,0
DA:112,0
DA:113,0
DA:114,0
DA:129,0
DA:139,0
DA:140,0
DA:141,0
DA:142,0
DA:143,0
DA:144,0
DA:145,0
DA:146,0
DA:147,0
DA:149,0
DA:153,0
DA:154,0
DA:155,0
DA:156,0
DA:157,0
DA:158,0
DA:159,0
DA:160,0
DA:161,0
DA:165,0
DA:166,0
DA:167,0
DA:169,0
DA:171,0
LF:58
LH:0
end_of_record
SF:lib\features\payment\screens\razorpay_pos_screen.dart
DA:9,2
DA:11,1
DA:12,1
DA:24,1
DA:26,1
DA:27,1
DA:30,1
DA:31,1
DA:32,0
DA:34,0
DA:40,0
DA:41,0
DA:42,0
DA:46,0
DA:47,0
DA:48,0
DA:52,0
DA:53,0
DA:54,0
DA:58,0
DA:59,0
DA:60,0
DA:65,0
DA:66,0
DA:67,0
DA:71,0
DA:73,0
DA:75,0
DA:78,0
DA:79,0
DA:80,0
DA:83,0
DA:84,0
DA:89,0
DA:90,0
DA:91,0
DA:95,0
DA:96,0
DA:97,0
DA:101,0
DA:102,0
DA:104,0
DA:105,0
DA:108,0
DA:109,0
DA:114,0
DA:115,0
DA:116,0
DA:117,0
DA:121,0
DA:122,0
DA:123,0
DA:124,0
DA:128,0
DA:131,0
DA:134,1
DA:135,1
DA:136,1
DA:138,1
DA:140,1
DA:147,0
DA:148,0
DA:149,0
DA:153,1
DA:155,1
DA:156,1
DA:158,3
DA:160,1
DA:162,1
DA:164,1
DA:166,1
DA:167,1
DA:179,1
DA:180,1
DA:190,1
DA:191,2
DA:192,1
DA:195,1
DA:205,1
DA:206,2
DA:207,1
DA:218,1
DA:219,1
DA:220,1
DA:221,2
DA:222,1
DA:223,1
DA:226,1
DA:227,1
DA:228,2
DA:230,0
DA:245,1
DA:247,2
DA:248,2
DA:249,1
DA:250,1
LF:96
LH:45
end_of_record
SF:lib\features\payment\services\payment_service.dart
DA:36,0
DA:41,0
DA:50,0
DA:51,0
DA:52,0
DA:53,0
DA:54,0
DA:73,0
DA:79,0
DA:85,0
DA:88,0
DA:90,0
DA:91,0
DA:94,0
DA:95,0
DA:99,0
DA:105,0
DA:108,0
DA:111,0
DA:112,0
DA:122,0
DA:123,0
DA:124,0
DA:125,0
DA:126,0
DA:129,0
DA:130,0
DA:140,0
DA:141,0
DA:142,0
DA:143,0
DA:144,0
DA:147,0
DA:154,0
DA:155,0
DA:156,0
DA:171,0
DA:172,0
DA:173,0
DA:175,0
DA:182,0
DA:183,0
DA:187,0
DA:188,0
DA:192,0
DA:193,0
DA:197,0
DA:198,0
DA:202,0
DA:203,0
DA:207,0
DA:213,0
DA:214,0
LF:53
LH:0
end_of_record
SF:lib\features\payment\services\backend_api_service.dart
DA:20,0
DA:33,0
DA:42,0
DA:44,0
DA:45,0
DA:63,0
DA:73,0
DA:90,0
DA:99,0
DA:101,0
LF:10
LH:0
end_of_record
